26-05-2025 00:00:51.187 [http-nio-8080-exec-6] INFO  c.s.s.filter.JwtAuthenticationFilter.doFilterInternal - Authenticated user with email: pashanpmrp200431@gmail.com
26-05-2025 00:01:27.111 [http-nio-8080-exec-10] INFO  c.s.s.filter.JwtAuthenticationFilter.doFilterInternal - Authenticated user with email: pashanpmrp200431@gmail.com
26-05-2025 00:01:43.044 [http-nio-8080-exec-7] INFO  c.s.s.filter.JwtAuthenticationFilter.doFilterInternal - Authenticated user with email: paulllpp1092@gmail.com
26-05-2025 00:01:48.470 [http-nio-8080-exec-8] INFO  c.s.s.filter.JwtAuthenticationFilter.doFilterInternal - Authenticated user with email: paulllpp1092@gmail.com
26-05-2025 00:01:48.903 [http-nio-8080-exec-10] INFO  c.s.s.filter.JwtAuthenticationFilter.doFilterInternal - Authenticated user with email: paulllpp1092@gmail.com
26-05-2025 00:01:49.090 [http-nio-8080-exec-2] INFO  c.s.s.filter.JwtAuthenticationFilter.doFilterInternal - Authenticated user with email: paulllpp1092@gmail.com
26-05-2025 00:01:55.345 [http-nio-8080-exec-5] INFO  c.s.s.filter.JwtAuthenticationFilter.doFilterInternal - Authenticated user with email: paulllpp1092@gmail.com
26-05-2025 00:01:55.765 [http-nio-8080-exec-6] INFO  c.s.s.filter.JwtAuthenticationFilter.doFilterInternal - Authenticated user with email: paulllpp1092@gmail.com
26-05-2025 00:02:19.617 [http-nio-8080-exec-10] INFO  c.s.s.filter.JwtAuthenticationFilter.doFilterInternal - Authenticated user with email: paulllpp1092@gmail.com
26-05-2025 00:02:19.995 [http-nio-8080-exec-2] INFO  c.s.s.filter.JwtAuthenticationFilter.doFilterInternal - Authenticated user with email: paulllpp1092@gmail.com
26-05-2025 00:02:22.398 [http-nio-8080-exec-5] INFO  c.s.s.filter.JwtAuthenticationFilter.doFilterInternal - Authenticated user with email: paulllpp1092@gmail.com
26-05-2025 00:02:22.826 [http-nio-8080-exec-7] INFO  c.s.s.filter.JwtAuthenticationFilter.doFilterInternal - Authenticated user with email: paulllpp1092@gmail.com
26-05-2025 00:02:32.882 [http-nio-8080-exec-9] INFO  c.s.s.filter.JwtAuthenticationFilter.doFilterInternal - Authenticated user with email: paulllpp1092@gmail.com
26-05-2025 00:02:33.340 [http-nio-8080-exec-1] INFO  c.s.s.filter.JwtAuthenticationFilter.doFilterInternal - Authenticated user with email: paulllpp1092@gmail.com
26-05-2025 00:02:38.583 [http-nio-8080-exec-3] INFO  c.s.s.filter.JwtAuthenticationFilter.doFilterInternal - Authenticated user with email: paulllpp1092@gmail.com
26-05-2025 00:02:39.117 [http-nio-8080-exec-5] INFO  c.s.s.filter.JwtAuthenticationFilter.doFilterInternal - Authenticated user with email: paulllpp1092@gmail.com
26-05-2025 00:02:55.176 [http-nio-8080-exec-8] INFO  c.s.s.filter.JwtAuthenticationFilter.doFilterInternal - Authenticated user with email: paulllpp1092@gmail.com
26-05-2025 00:02:56.971 [http-nio-8080-exec-1] INFO  c.s.s.filter.JwtAuthenticationFilter.doFilterInternal - Authenticated user with email: paulllpp1092@gmail.com
26-05-2025 00:02:57.469 [http-nio-8080-exec-3] INFO  c.s.s.filter.JwtAuthenticationFilter.doFilterInternal - Authenticated user with email: paulllpp1092@gmail.com
26-05-2025 00:03:03.326 [http-nio-8080-exec-7] INFO  c.s.s.filter.JwtAuthenticationFilter.doFilterInternal - Authenticated user with email: paulllpp1092@gmail.com
26-05-2025 00:03:03.710 [http-nio-8080-exec-8] INFO  c.s.s.filter.JwtAuthenticationFilter.doFilterInternal - Authenticated user with email: paulllpp1092@gmail.com
26-05-2025 00:03:12.196 [http-nio-8080-exec-1] INFO  c.s.s.filter.JwtAuthenticationFilter.doFilterInternal - Authenticated user with email: paulllpp1092@gmail.com
26-05-2025 00:03:12.692 [http-nio-8080-exec-3] INFO  c.s.s.filter.JwtAuthenticationFilter.doFilterInternal - Authenticated user with email: paulllpp1092@gmail.com
26-05-2025 00:03:28.246 [http-nio-8080-exec-7] INFO  c.s.s.filter.JwtAuthenticationFilter.doFilterInternal - Authenticated user with email: paulllpp1092@gmail.com
26-05-2025 00:03:28.672 [http-nio-8080-exec-8] INFO  c.s.s.filter.JwtAuthenticationFilter.doFilterInternal - Authenticated user with email: paulllpp1092@gmail.com
26-05-2025 00:04:01.525 [http-nio-8080-exec-2] INFO  c.s.s.filter.JwtAuthenticationFilter.doFilterInternal - Authenticated user with email: paulllpp1092@gmail.com
26-05-2025 00:04:02.155 [http-nio-8080-exec-4] INFO  c.s.s.filter.JwtAuthenticationFilter.doFilterInternal - Authenticated user with email: paulllpp1092@gmail.com
26-05-2025 00:05:22.825 [http-nio-8080-exec-10] INFO  o.s.api.AbstractOpenApiResource.getOpenApi - Init duration for springdoc-openapi is: 1653 ms
26-05-2025 00:09:15.545 [http-nio-8080-exec-4] INFO  c.s.s.filter.JwtAuthenticationFilter.doFilterInternal - Authenticated user with email: paulllpp1092@gmail.com
26-05-2025 00:09:16.111 [http-nio-8080-exec-7] INFO  c.s.s.filter.JwtAuthenticationFilter.doFilterInternal - Authenticated user with email: paulllpp1092@gmail.com
26-05-2025 00:11:00.521 [http-nio-8080-exec-9] INFO  c.s.s.filter.JwtAuthenticationFilter.doFilterInternal - Authenticated user with email: paulllpp1092@gmail.com
26-05-2025 00:11:00.847 [http-nio-8080-exec-1] INFO  c.s.s.filter.JwtAuthenticationFilter.doFilterInternal - Authenticated user with email: paulllpp1092@gmail.com
26-05-2025 00:11:04.260 [http-nio-8080-exec-4] INFO  c.s.s.filter.JwtAuthenticationFilter.doFilterInternal - Authenticated user with email: paulllpp1092@gmail.com
26-05-2025 00:11:04.580 [http-nio-8080-exec-5] INFO  c.s.s.filter.JwtAuthenticationFilter.doFilterInternal - Authenticated user with email: paulllpp1092@gmail.com
26-05-2025 00:11:15.556 [http-nio-8080-exec-8] INFO  c.s.s.filter.JwtAuthenticationFilter.doFilterInternal - Authenticated user with email: paulllpp1092@gmail.com
26-05-2025 00:11:16.075 [http-nio-8080-exec-10] INFO  c.s.s.filter.JwtAuthenticationFilter.doFilterInternal - Authenticated user with email: paulllpp1092@gmail.com
26-05-2025 00:14:49.408 [http-nio-8080-exec-3] INFO  c.s.s.filter.JwtAuthenticationFilter.doFilterInternal - Authenticated user with email: paulllpp1092@gmail.com
26-05-2025 00:14:49.525 [http-nio-8080-exec-5] INFO  c.s.s.filter.JwtAuthenticationFilter.doFilterInternal - Authenticated user with email: paulllpp1092@gmail.com
26-05-2025 00:15:24.477 [http-nio-8080-exec-9] INFO  c.s.s.filter.JwtAuthenticationFilter.doFilterInternal - Authenticated user with email: paulllpp1092@gmail.com
26-05-2025 00:15:24.839 [http-nio-8080-exec-1] INFO  c.s.s.filter.JwtAuthenticationFilter.doFilterInternal - Authenticated user with email: paulllpp1092@gmail.com
26-05-2025 00:15:27.107 [http-nio-8080-exec-4] INFO  c.s.s.filter.JwtAuthenticationFilter.doFilterInternal - Authenticated user with email: paulllpp1092@gmail.com
26-05-2025 00:15:27.565 [http-nio-8080-exec-5] INFO  c.s.s.filter.JwtAuthenticationFilter.doFilterInternal - Authenticated user with email: paulllpp1092@gmail.com
26-05-2025 00:15:30.244 [http-nio-8080-exec-6] INFO  c.s.s.filter.JwtAuthenticationFilter.doFilterInternal - Authenticated user with email: paulllpp1092@gmail.com
26-05-2025 00:15:31.393 [http-nio-8080-exec-9] INFO  c.s.s.filter.JwtAuthenticationFilter.doFilterInternal - Authenticated user with email: paulllpp1092@gmail.com
26-05-2025 00:15:41.726 [http-nio-8080-exec-3] INFO  c.s.s.filter.JwtAuthenticationFilter.doFilterInternal - Authenticated user with email: paulllpp1092@gmail.com
26-05-2025 00:15:42.019 [http-nio-8080-exec-5] INFO  c.s.s.filter.JwtAuthenticationFilter.doFilterInternal - Authenticated user with email: paulllpp1092@gmail.com
26-05-2025 00:15:44.345 [http-nio-8080-exec-6] INFO  c.s.s.filter.JwtAuthenticationFilter.doFilterInternal - Authenticated user with email: paulllpp1092@gmail.com
26-05-2025 00:15:44.785 [http-nio-8080-exec-8] INFO  c.s.s.filter.JwtAuthenticationFilter.doFilterInternal - Authenticated user with email: paulllpp1092@gmail.com
26-05-2025 00:20:17.614 [http-nio-8080-exec-1] INFO  c.s.s.filter.JwtAuthenticationFilter.doFilterInternal - Authenticated user with email: paulllpp1092@gmail.com
26-05-2025 00:20:17.861 [http-nio-8080-exec-3] INFO  c.s.s.filter.JwtAuthenticationFilter.doFilterInternal - Authenticated user with email: paulllpp1092@gmail.com
26-05-2025 00:20:19.840 [http-nio-8080-exec-5] INFO  c.s.s.filter.JwtAuthenticationFilter.doFilterInternal - Authenticated user with email: paulllpp1092@gmail.com
26-05-2025 00:20:20.358 [http-nio-8080-exec-7] INFO  c.s.s.filter.JwtAuthenticationFilter.doFilterInternal - Authenticated user with email: paulllpp1092@gmail.com
26-05-2025 00:20:22.639 [http-nio-8080-exec-9] INFO  c.s.s.filter.JwtAuthenticationFilter.doFilterInternal - Authenticated user with email: paulllpp1092@gmail.com
26-05-2025 00:20:23.083 [http-nio-8080-exec-10] INFO  c.s.s.filter.JwtAuthenticationFilter.doFilterInternal - Authenticated user with email: paulllpp1092@gmail.com
26-05-2025 00:20:24.487 [http-nio-8080-exec-2] INFO  c.s.s.filter.JwtAuthenticationFilter.doFilterInternal - Authenticated user with email: paulllpp1092@gmail.com
26-05-2025 00:20:28.160 [http-nio-8080-exec-5] INFO  c.s.s.filter.JwtAuthenticationFilter.doFilterInternal - Authenticated user with email: paulllpp1092@gmail.com
26-05-2025 00:20:28.536 [http-nio-8080-exec-6] INFO  c.s.s.filter.JwtAuthenticationFilter.doFilterInternal - Authenticated user with email: paulllpp1092@gmail.com
26-05-2025 00:20:31.269 [http-nio-8080-exec-9] INFO  c.s.s.filter.JwtAuthenticationFilter.doFilterInternal - Authenticated user with email: paulllpp1092@gmail.com
26-05-2025 00:20:31.615 [http-nio-8080-exec-10] INFO  c.s.s.filter.JwtAuthenticationFilter.doFilterInternal - Authenticated user with email: paulllpp1092@gmail.com
26-05-2025 00:20:35.203 [http-nio-8080-exec-3] INFO  c.s.s.filter.JwtAuthenticationFilter.doFilterInternal - Authenticated user with email: paulllpp1092@gmail.com
26-05-2025 00:20:35.510 [http-nio-8080-exec-5] INFO  c.s.s.filter.JwtAuthenticationFilter.doFilterInternal - Authenticated user with email: paulllpp1092@gmail.com
26-05-2025 00:20:37.259 [http-nio-8080-exec-6] INFO  c.s.s.filter.JwtAuthenticationFilter.doFilterInternal - Authenticated user with email: paulllpp1092@gmail.com
26-05-2025 00:20:37.574 [http-nio-8080-exec-8] INFO  c.s.s.filter.JwtAuthenticationFilter.doFilterInternal - Authenticated user with email: paulllpp1092@gmail.com
26-05-2025 00:21:51.803 [MessageBroker-1] INFO  o.s.w.s.c.WebSocketMessageBrokerStats.lambda$initLoggingTask$0 - WebSocketSession[0 current WS(0)-HttpStream(0)-HttpPoll(0), 0 total, 0 closed abnormally (0 connect failure, 0 send limit, 0 transport error)], stompSubProtocol[processed CONNECT(0)-CONNECTED(0)-DISCONNECT(0)], stompBrokerRelay[null], inboundChannel[pool size = 0, active threads = 0, queued tasks = 0, completed tasks = 0], outboundChannel[pool size = 0, active threads = 0, queued tasks = 0, completed tasks = 0], sockJsScheduler[pool size = 2, active threads = 1, queued tasks = 0, completed tasks = 1]
26-05-2025 00:22:05.466 [http-nio-8080-exec-1] INFO  c.s.s.filter.JwtAuthenticationFilter.doFilterInternal - Authenticated user with email: paulllpp1092@gmail.com
26-05-2025 00:22:59.839 [http-nio-8080-exec-4] INFO  c.s.s.filter.JwtAuthenticationFilter.doFilterInternal - Authenticated user with email: paulllpp1092@gmail.com
26-05-2025 00:23:00.387 [http-nio-8080-exec-7] INFO  c.s.s.filter.JwtAuthenticationFilter.doFilterInternal - Authenticated user with email: paulllpp1092@gmail.com
26-05-2025 00:23:00.605 [http-nio-8080-exec-8] INFO  c.s.s.filter.JwtAuthenticationFilter.doFilterInternal - Authenticated user with email: paulllpp1092@gmail.com
26-05-2025 00:29:26.890 [http-nio-8080-exec-1] INFO  c.s.s.filter.JwtAuthenticationFilter.doFilterInternal - Authenticated user with email: paulllpp1092@gmail.com
26-05-2025 00:29:35.683 [http-nio-8080-exec-4] INFO  c.s.s.filter.JwtAuthenticationFilter.doFilterInternal - Authenticated user with email: paulllpp1092@gmail.com
26-05-2025 00:29:36.144 [http-nio-8080-exec-7] INFO  c.s.s.filter.JwtAuthenticationFilter.doFilterInternal - Authenticated user with email: paulllpp1092@gmail.com
26-05-2025 00:29:36.289 [http-nio-8080-exec-8] INFO  c.s.s.filter.JwtAuthenticationFilter.doFilterInternal - Authenticated user with email: paulllpp1092@gmail.com
26-05-2025 00:51:51.815 [MessageBroker-1] INFO  o.s.w.s.c.WebSocketMessageBrokerStats.lambda$initLoggingTask$0 - WebSocketSession[0 current WS(0)-HttpStream(0)-HttpPoll(0), 0 total, 0 closed abnormally (0 connect failure, 0 send limit, 0 transport error)], stompSubProtocol[processed CONNECT(0)-CONNECTED(0)-DISCONNECT(0)], stompBrokerRelay[null], inboundChannel[pool size = 0, active threads = 0, queued tasks = 0, completed tasks = 0], outboundChannel[pool size = 0, active threads = 0, queued tasks = 0, completed tasks = 0], sockJsScheduler[pool size = 3, active threads = 1, queued tasks = 0, completed tasks = 2]
26-05-2025 00:59:46.898 [SpringApplicationShutdownHook] INFO  o.s.m.s.b.SimpleBrokerMessageHandler.info - Stopping...
26-05-2025 00:59:46.899 [SpringApplicationShutdownHook] INFO  o.s.m.s.b.SimpleBrokerMessageHandler.info - BrokerAvailabilityEvent[available=false, SimpleBrokerMessageHandler [org.springframework.messaging.simp.broker.DefaultSubscriptionRegistry@6f6b1297]]
26-05-2025 00:59:46.899 [SpringApplicationShutdownHook] INFO  o.s.m.s.b.SimpleBrokerMessageHandler.info - Stopped.
26-05-2025 00:59:47.011 [SpringApplicationShutdownHook] INFO  o.s.o.j.LocalContainerEntityManagerFactoryBean.destroy - Closing JPA EntityManagerFactory for persistence unit 'default'
26-05-2025 00:59:47.024 [SpringApplicationShutdownHook] INFO  com.zaxxer.hikari.HikariDataSource.close - HikariPool-1 - Shutdown initiated...
26-05-2025 00:59:47.040 [SpringApplicationShutdownHook] INFO  com.zaxxer.hikari.HikariDataSource.close - HikariPool-1 - Shutdown completed.
